# Logfile created on 2014-03-02 13:46:49 -0600 by logger.rb/41954
I, [2014-03-02T13:46:49.733888 #588]  INFO -- : 0:  rake (10.1.1) from /Users/janekis/.rvm/gems/ruby-2.0.0-p353/specifications/rake-10.1.1.gemspec
I, [2014-03-02T13:46:49.734365 #588]  INFO -- : 0:  i18n (0.6.9) from /Users/janekis/.rvm/gems/ruby-2.0.0-p353/specifications/i18n-0.6.9.gemspec
I, [2014-03-02T13:46:49.734705 #588]  INFO -- : 0:  minitest (4.7.5) from /Users/janekis/.rvm/gems/ruby-2.0.0-p353/specifications/minitest-4.7.5.gemspec
I, [2014-03-02T13:46:49.735002 #588]  INFO -- : 0:  multi_json (1.8.4) from /Users/janekis/.rvm/gems/ruby-2.0.0-p353/specifications/multi_json-1.8.4.gemspec
I, [2014-03-02T13:46:59.871036 #588]  INFO -- : 0:  atomic (1.1.15) from /Users/janekis/.rvm/gems/ruby-2.0.0-p353/specifications/atomic-1.1.15.gemspec
I, [2014-03-02T13:47:01.307020 #588]  INFO -- : 0:  thread_safe (0.2.0) from /Users/janekis/.rvm/gems/ruby-2.0.0-p353/specifications/thread_safe-0.2.0.gemspec
I, [2014-03-02T13:47:01.307434 #588]  INFO -- : 0:  tzinfo (0.3.38) from /Users/janekis/.rvm/gems/ruby-2.0.0-p353/specifications/tzinfo-0.3.38.gemspec
I, [2014-03-02T13:47:01.307717 #588]  INFO -- : 0:  activesupport (4.0.2) from /Users/janekis/.rvm/gems/ruby-2.0.0-p353/specifications/activesupport-4.0.2.gemspec
I, [2014-03-02T13:47:01.307997 #588]  INFO -- : 0:  builder (3.1.4) from /Users/janekis/.rvm/gems/ruby-2.0.0-p353/specifications/builder-3.1.4.gemspec
I, [2014-03-02T13:47:01.308274 #588]  INFO -- : 0:  erubis (2.7.0) from /Users/janekis/.rvm/gems/ruby-2.0.0-p353/specifications/erubis-2.7.0.gemspec
I, [2014-03-02T13:47:01.308545 #588]  INFO -- : 0:  rack (1.5.2) from /Users/janekis/.rvm/gems/ruby-2.0.0-p353/specifications/rack-1.5.2.gemspec
I, [2014-03-02T13:47:01.308816 #588]  INFO -- : 0:  rack-test (0.6.2) from /Users/janekis/.rvm/gems/ruby-2.0.0-p353/specifications/rack-test-0.6.2.gemspec
I, [2014-03-02T13:47:01.309088 #588]  INFO -- : 0:  actionpack (4.0.2) from /Users/janekis/.rvm/gems/ruby-2.0.0-p353/specifications/actionpack-4.0.2.gemspec
I, [2014-03-02T13:47:01.309358 #588]  INFO -- : 0:  mime-types (1.25.1) from /Users/janekis/.rvm/gems/ruby-2.0.0-p353/specifications/mime-types-1.25.1.gemspec
I, [2014-03-02T13:47:02.179960 #588]  INFO -- : 0:  polyglot (0.3.4) from /Users/janekis/.rvm/gems/ruby-2.0.0-p353/specifications/polyglot-0.3.4.gemspec
I, [2014-03-02T13:47:02.180380 #588]  INFO -- : 0:  treetop (1.4.15) from /Users/janekis/.rvm/gems/ruby-2.0.0-p353/specifications/treetop-1.4.15.gemspec
I, [2014-03-02T13:47:02.180677 #588]  INFO -- : 0:  mail (2.5.4) from /Users/janekis/.rvm/gems/ruby-2.0.0-p353/specifications/mail-2.5.4.gemspec
I, [2014-03-02T13:47:02.180972 #588]  INFO -- : 0:  actionmailer (4.0.2) from /Users/janekis/.rvm/gems/ruby-2.0.0-p353/specifications/actionmailer-4.0.2.gemspec
I, [2014-03-02T13:47:02.181257 #588]  INFO -- : 0:  activemodel (4.0.2) from /Users/janekis/.rvm/gems/ruby-2.0.0-p353/specifications/activemodel-4.0.2.gemspec
I, [2014-03-02T13:47:02.181542 #588]  INFO -- : 0:  activerecord-deprecated_finders (1.0.3) from /Users/janekis/.rvm/gems/ruby-2.0.0-p353/specifications/activerecord-deprecated_finders-1.0.3.gemspec
I, [2014-03-02T13:47:02.181816 #588]  INFO -- : 0:  arel (4.0.2) from /Users/janekis/.rvm/gems/ruby-2.0.0-p353/specifications/arel-4.0.2.gemspec
I, [2014-03-02T13:47:02.182091 #588]  INFO -- : 0:  activerecord (4.0.2) from /Users/janekis/.rvm/gems/ruby-2.0.0-p353/specifications/activerecord-4.0.2.gemspec
I, [2014-03-02T13:47:02.182355 #588]  INFO -- : 0:  bundler (1.5.1) from /Users/janekis/.rvm/gems/ruby-2.0.0-p353@global/specifications/bundler-1.5.1.gemspec
I, [2014-03-02T13:47:02.182640 #588]  INFO -- : 0:  coffee-script-source (1.7.0) from /Users/janekis/.rvm/gems/ruby-2.0.0-p353/specifications/coffee-script-source-1.7.0.gemspec
I, [2014-03-02T13:47:02.182910 #588]  INFO -- : 0:  execjs (2.0.2) from /Users/janekis/.rvm/gems/ruby-2.0.0-p353/specifications/execjs-2.0.2.gemspec
I, [2014-03-02T13:47:02.183185 #588]  INFO -- : 0:  coffee-script (2.2.0) from /Users/janekis/.rvm/gems/ruby-2.0.0-p353/specifications/coffee-script-2.2.0.gemspec
I, [2014-03-02T13:47:02.183470 #588]  INFO -- : 0:  thor (0.18.1) from /Users/janekis/.rvm/gems/ruby-2.0.0-p353/specifications/thor-0.18.1.gemspec
I, [2014-03-02T13:47:02.183737 #588]  INFO -- : 0:  railties (4.0.2) from /Users/janekis/.rvm/gems/ruby-2.0.0-p353/specifications/railties-4.0.2.gemspec
I, [2014-03-02T13:47:02.184008 #588]  INFO -- : 0:  coffee-rails (4.0.1) from /Users/janekis/.rvm/gems/ruby-2.0.0-p353/specifications/coffee-rails-4.0.1.gemspec
I, [2014-03-02T13:47:02.184274 #588]  INFO -- : 0:  hike (1.2.3) from /Users/janekis/.rvm/gems/ruby-2.0.0-p353/specifications/hike-1.2.3.gemspec
I, [2014-03-02T13:47:02.184547 #588]  INFO -- : 0:  jbuilder (1.5.3) from /Users/janekis/.rvm/gems/ruby-2.0.0-p353/specifications/jbuilder-1.5.3.gemspec
I, [2014-03-02T13:47:02.184818 #588]  INFO -- : 0:  jquery-rails (3.1.0) from /Users/janekis/.rvm/gems/ruby-2.0.0-p353/specifications/jquery-rails-3.1.0.gemspec
I, [2014-03-02T13:47:02.185086 #588]  INFO -- : 0:  json (1.8.1) from /Users/janekis/.rvm/gems/ruby-2.0.0-p353/specifications/json-1.8.1.gemspec
I, [2014-03-02T13:47:02.185350 #588]  INFO -- : 0:  tilt (1.4.1) from /Users/janekis/.rvm/gems/ruby-2.0.0-p353/specifications/tilt-1.4.1.gemspec
I, [2014-03-02T13:47:03.518035 #588]  INFO -- : 0:  sprockets (2.11.0) from /Users/janekis/.rvm/gems/ruby-2.0.0-p353/specifications/sprockets-2.11.0.gemspec
I, [2014-03-02T13:47:03.518397 #588]  INFO -- : 0:  sprockets-rails (2.0.1) from /Users/janekis/.rvm/gems/ruby-2.0.0-p353/specifications/sprockets-rails-2.0.1.gemspec
I, [2014-03-02T13:47:03.518676 #588]  INFO -- : 0:  rails (4.0.2) from /Users/janekis/.rvm/gems/ruby-2.0.0-p353/specifications/rails-4.0.2.gemspec
I, [2014-03-02T13:47:03.518958 #588]  INFO -- : 0:  rdoc (4.1.1) from /Users/janekis/.rvm/gems/ruby-2.0.0-p353/specifications/rdoc-4.1.1.gemspec
I, [2014-03-02T13:47:03.519230 #588]  INFO -- : 0:  sass (3.2.14) from /Users/janekis/.rvm/gems/ruby-2.0.0-p353/specifications/sass-3.2.14.gemspec
I, [2014-03-02T13:47:03.519501 #588]  INFO -- : 0:  sass-rails (4.0.1) from /Users/janekis/.rvm/gems/ruby-2.0.0-p353/specifications/sass-rails-4.0.1.gemspec
I, [2014-03-02T13:47:03.519774 #588]  INFO -- : 0:  sdoc (0.4.0) from /Users/janekis/.rvm/gems/ruby-2.0.0-p353/specifications/sdoc-0.4.0.gemspec
I, [2014-03-02T13:47:07.102291 #588]  INFO -- : 0:  sqlite3 (1.3.9) from /Users/janekis/.rvm/gems/ruby-2.0.0-p353/specifications/sqlite3-1.3.9.gemspec
I, [2014-03-02T13:47:07.102899 #588]  INFO -- : 0:  turbolinks (2.2.1) from /Users/janekis/.rvm/gems/ruby-2.0.0-p353/specifications/turbolinks-2.2.1.gemspec
I, [2014-03-02T13:47:07.103273 #588]  INFO -- : 0:  uglifier (2.4.0) from /Users/janekis/.rvm/gems/ruby-2.0.0-p353/specifications/uglifier-2.4.0.gemspec
